mode: set
crud-golang/api/middleware/validation.go:16.48,20.16 4 0
crud-golang/api/middleware/validation.go:20.16,22.3 1 0
crud-golang/api/middleware/validation.go:24.2,25.16 2 0
crud-golang/api/middleware/validation.go:25.16,26.56 1 0
crud-golang/api/middleware/validation.go:26.56,32.4 5 0
crud-golang/api/middleware/validation.go:33.3,33.55 1 0
crud-golang/api/middleware/validation.go:35.2,35.17 1 0
crud-golang/api/controller/category_controller.go:14.75,18.2 1 0
crud-golang/api/controller/category_controller.go:32.58,35.51 2 0
crud-golang/api/controller/category_controller.go:35.51,38.3 1 0
crud-golang/api/controller/category_controller.go:40.2,44.16 4 0
crud-golang/api/controller/category_controller.go:44.16,47.3 1 0
crud-golang/api/controller/category_controller.go:49.2,52.20 2 0
crud-golang/api/controller/category_controller.go:66.63,68.16 2 0
crud-golang/api/controller/category_controller.go:68.16,71.3 1 0
crud-golang/api/controller/category_controller.go:72.2,73.16 2 0
crud-golang/api/controller/category_controller.go:73.16,76.3 1 0
crud-golang/api/controller/category_controller.go:78.2,81.20 3 0
crud-golang/api/controller/category_controller.go:94.66,96.16 2 0
crud-golang/api/controller/category_controller.go:96.16,99.3 1 0
crud-golang/api/controller/category_controller.go:101.2,102.16 2 0
crud-golang/api/controller/category_controller.go:102.16,105.3 1 0
crud-golang/api/controller/category_controller.go:107.2,108.12 2 0
crud-golang/api/controller/category_controller.go:124.66,126.16 2 0
crud-golang/api/controller/category_controller.go:126.16,129.3 1 0
crud-golang/api/controller/category_controller.go:131.2,132.51 2 0
crud-golang/api/controller/category_controller.go:132.51,135.3 1 0
crud-golang/api/controller/category_controller.go:137.2,140.16 4 0
crud-golang/api/controller/category_controller.go:140.16,143.3 1 0
crud-golang/api/controller/category_controller.go:145.2,147.20 2 0
crud-golang/api/controller/category_controller.go:162.66,168.16 5 0
crud-golang/api/controller/category_controller.go:168.16,171.3 1 0
crud-golang/api/controller/category_controller.go:173.2,176.13 3 0
crud-golang/api/controller/category_controller.go:190.64,195.16 4 0
crud-golang/api/controller/category_controller.go:195.16,198.3 1 0
crud-golang/api/controller/category_controller.go:200.2,203.13 3 0
crud-golang/api/controller/category_controller.go:217.68,219.16 2 0
crud-golang/api/controller/category_controller.go:219.16,222.3 1 0
crud-golang/api/controller/category_controller.go:224.2,225.57 2 0
crud-golang/api/controller/category_controller.go:225.57,228.3 1 0
crud-golang/api/controller/category_controller.go:230.2,231.16 2 0
crud-golang/api/controller/category_controller.go:231.16,234.3 1 0
crud-golang/api/controller/category_controller.go:236.2,239.20 3 0
crud-golang/api/route/category_route.go:13.52,25.2 10 0
crud-golang/api/route/route.go:23.40,37.2 5 0
crud-golang/bootstrap/app.go:10.24,15.2 4 0
crud-golang/bootstrap/app.go:17.45,19.2 1 0
crud-golang/bootstrap/database.go:14.44,30.16 10 0
crud-golang/bootstrap/database.go:30.16,31.56 1 0
crud-golang/bootstrap/database.go:34.2,35.47 2 0
crud-golang/bootstrap/database.go:35.47,36.47 1 0
crud-golang/bootstrap/database.go:39.2,48.12 7 0
crud-golang/bootstrap/database.go:51.40,53.16 2 0
crud-golang/bootstrap/database.go:53.16,55.3 1 0
crud-golang/bootstrap/database.go:57.2,58.16 2 0
crud-golang/bootstrap/database.go:58.16,60.3 1 0
crud-golang/bootstrap/database.go:62.2,62.46 1 0
crud-golang/bootstrap/env.go:19.20,24.16 4 0
crud-golang/bootstrap/env.go:24.16,26.3 1 0
crud-golang/bootstrap/env.go:28.2,29.16 2 0
crud-golang/bootstrap/env.go:29.16,31.3 1 0
crud-golang/bootstrap/env.go:33.2,33.33 1 0
crud-golang/bootstrap/env.go:33.33,35.3 1 0
crud-golang/bootstrap/env.go:37.2,37.13 1 0
crud-golang/domain/category.go:24.63,30.2 1 0
crud-golang/cmd/main.go:18.13,31.2 7 0
crud-golang/config/config.go:15.24,22.45 6 0
crud-golang/config/config.go:22.45,23.13 1 0
crud-golang/config/config.go:26.2,27.44 2 0
crud-golang/config/config.go:27.44,28.29 1 0
crud-golang/config/config.go:31.2,31.11 1 0
crud-golang/docs/docs.go:379.13,381.2 1 0
crud-golang/mock/mock_category.go:31.81,35.2 3 0
crud-golang/mock/mock_category.go:38.79,40.2 1 0
crud-golang/mock/mock_category.go:43.70,48.2 4 0
crud-golang/mock/mock_category.go:51.77,54.2 2 0
crud-golang/mock/mock_category.go:57.57,62.2 4 0
crud-golang/mock/mock_category.go:65.77,68.2 2 0
crud-golang/mock/mock_category.go:71.101,74.25 3 0
crud-golang/mock/mock_category.go:74.25,76.3 1 0
crud-golang/mock/mock_category.go:77.2,80.19 4 0
crud-golang/mock/mock_category.go:84.97,88.2 3 0
crud-golang/mock/mock_category.go:91.102,97.2 5 0
crud-golang/mock/mock_category.go:100.94,103.2 2 0
crud-golang/mock/mock_category.go:106.79,112.2 5 0
crud-golang/mock/mock_category.go:115.79,118.2 2 0
crud-golang/mock/mock_category.go:121.70,126.2 4 0
crud-golang/mock/mock_category.go:129.77,132.2 2 0
crud-golang/mock/mock_category.go:146.75,150.2 3 0
crud-golang/mock/mock_category.go:153.73,155.2 1 0
crud-golang/mock/mock_category.go:158.67,163.2 4 0
crud-golang/mock/mock_category.go:166.74,169.2 2 0
crud-golang/mock/mock_category.go:172.54,177.2 4 0
crud-golang/mock/mock_category.go:180.74,183.2 2 0
crud-golang/mock/mock_category.go:186.94,192.2 5 0
crud-golang/mock/mock_category.go:195.86,198.2 2 0
crud-golang/mock/mock_category.go:201.87,207.2 5 0
crud-golang/mock/mock_category.go:210.86,213.2 2 0
crud-golang/mock/mock_category.go:216.75,222.2 5 0
crud-golang/mock/mock_category.go:225.75,228.2 2 0
crud-golang/mock/mock_category.go:231.77,236.2 4 0
crud-golang/mock/mock_category.go:239.80,242.2 2 0
crud-golang/mock/mock_category.go:245.91,251.2 5 0
crud-golang/mock/mock_category.go:254.86,257.2 2 0
crud-golang/repository/base_repository.go:12.62,14.2 1 0
crud-golang/repository/base_repository.go:16.55,17.52 1 0
crud-golang/repository/base_repository.go:17.52,19.3 1 0
crud-golang/repository/base_repository.go:20.2,20.12 1 0
crud-golang/repository/base_repository.go:23.85,27.31 3 0
crud-golang/repository/base_repository.go:27.31,29.3 1 0
crud-golang/repository/base_repository.go:31.2,31.84 1 0
crud-golang/repository/base_repository.go:31.84,33.3 1 0
crud-golang/repository/base_repository.go:34.2,34.20 1 0
crud-golang/repository/base_repository.go:37.58,39.54 2 0
crud-golang/repository/base_repository.go:39.54,41.3 1 0
crud-golang/repository/base_repository.go:42.2,42.21 1 0
crud-golang/repository/base_repository.go:45.53,46.48 1 0
crud-golang/repository/base_repository.go:46.48,48.3 1 0
crud-golang/repository/base_repository.go:49.2,49.12 1 0
crud-golang/repository/base_repository.go:52.50,53.66 1 0
crud-golang/repository/base_repository.go:53.66,55.3 1 0
crud-golang/repository/base_repository.go:56.2,56.12 1 0
crud-golang/repository/category_repository.go:12.61,14.2 1 0
crud-golang/repository/category_repository.go:16.98,19.16 3 0
crud-golang/repository/category_repository.go:19.16,21.3 1 0
crud-golang/repository/category_repository.go:23.2,25.54 2 0
crud-golang/repository/category_repository.go:25.54,27.3 1 0
crud-golang/repository/category_repository.go:29.2,29.24 1 0
crud-golang/domain/category.go:24.63,30.2 1 1
crud-golang/mock/mock_category.go:31.81,35.2 3 1
crud-golang/mock/mock_category.go:38.79,40.2 1 1
crud-golang/mock/mock_category.go:43.70,48.2 4 1
crud-golang/mock/mock_category.go:51.77,54.2 2 1
crud-golang/mock/mock_category.go:57.57,62.2 4 1
crud-golang/mock/mock_category.go:65.77,68.2 2 1
crud-golang/mock/mock_category.go:71.101,74.25 3 1
crud-golang/mock/mock_category.go:74.25,76.3 1 1
crud-golang/mock/mock_category.go:77.2,80.19 4 1
crud-golang/mock/mock_category.go:84.97,88.2 3 1
crud-golang/mock/mock_category.go:91.102,97.2 5 1
crud-golang/mock/mock_category.go:100.94,103.2 2 1
crud-golang/mock/mock_category.go:106.79,112.2 5 1
crud-golang/mock/mock_category.go:115.79,118.2 2 1
crud-golang/mock/mock_category.go:121.70,126.2 4 1
crud-golang/mock/mock_category.go:129.77,132.2 2 1
crud-golang/mock/mock_category.go:146.75,150.2 3 0
crud-golang/mock/mock_category.go:153.73,155.2 1 0
crud-golang/mock/mock_category.go:158.67,163.2 4 0
crud-golang/mock/mock_category.go:166.74,169.2 2 0
crud-golang/mock/mock_category.go:172.54,177.2 4 0
crud-golang/mock/mock_category.go:180.74,183.2 2 0
crud-golang/mock/mock_category.go:186.94,192.2 5 0
crud-golang/mock/mock_category.go:195.86,198.2 2 0
crud-golang/mock/mock_category.go:201.87,207.2 5 0
crud-golang/mock/mock_category.go:210.86,213.2 2 0
crud-golang/mock/mock_category.go:216.75,222.2 5 0
crud-golang/mock/mock_category.go:225.75,228.2 2 0
crud-golang/mock/mock_category.go:231.77,236.2 4 0
crud-golang/mock/mock_category.go:239.80,242.2 2 0
crud-golang/mock/mock_category.go:245.91,251.2 5 0
crud-golang/mock/mock_category.go:254.86,257.2 2 0
crud-golang/service/category_service.go:12.94,16.2 1 1
crud-golang/service/category_service.go:18.68,20.16 2 1
crud-golang/service/category_service.go:20.16,22.3 1 0
crud-golang/service/category_service.go:24.2,24.12 1 1
crud-golang/service/category_service.go:27.70,29.16 2 1
crud-golang/service/category_service.go:29.16,31.3 1 1
crud-golang/service/category_service.go:33.2,33.22 1 1
crud-golang/service/category_service.go:36.91,38.16 2 1
crud-golang/service/category_service.go:38.16,40.3 1 0
crud-golang/service/category_service.go:42.2,42.17 1 1
crud-golang/service/category_service.go:45.84,46.42 1 1
crud-golang/service/category_service.go:46.42,48.3 1 1
crud-golang/service/category_service.go:50.2,52.16 3 1
crud-golang/service/category_service.go:52.16,54.3 1 0
crud-golang/service/category_service.go:56.2,56.12 1 1
crud-golang/service/category_service.go:59.49,60.42 1 1
crud-golang/service/category_service.go:60.42,62.3 1 1
crud-golang/service/category_service.go:64.2,64.25 1 1
crud-golang/service/category_service.go:67.84,71.16 3 1
crud-golang/service/category_service.go:71.16,73.3 1 0
crud-golang/service/category_service.go:75.2,75.17 1 1
crud-golang/service/category_service.go:78.88,80.16 2 1
crud-golang/service/category_service.go:80.16,82.3 1 0
crud-golang/service/category_service.go:84.2,87.16 4 1
crud-golang/service/category_service.go:87.16,89.3 1 0
crud-golang/service/category_service.go:91.2,91.30 1 1
