mode: set
crud-golang/api/dto/category.go:12.55,14.2 1 0
crud-golang/api/dto/category.go:16.56,21.2 1 0
crud-golang/api/dto/category.go:23.63,25.38 2 0
crud-golang/api/dto/category.go:25.38,30.3 1 0
crud-golang/api/dto/category.go:31.2,31.22 1 0
crud-golang/api/controller/category_controller.go:13.75,17.2 1 0
crud-golang/api/controller/category_controller.go:31.58,34.51 2 0
crud-golang/api/controller/category_controller.go:34.51,36.3 1 0
crud-golang/api/controller/category_controller.go:38.2,41.16 3 0
crud-golang/api/controller/category_controller.go:41.16,43.3 1 0
crud-golang/api/controller/category_controller.go:45.2,45.42 1 0
crud-golang/api/controller/category_controller.go:59.63,61.16 2 0
crud-golang/api/controller/category_controller.go:61.16,64.3 2 0
crud-golang/api/controller/category_controller.go:65.2,66.16 2 0
crud-golang/api/controller/category_controller.go:66.16,69.3 2 0
crud-golang/api/controller/category_controller.go:71.2,72.42 2 0
crud-golang/api/controller/category_controller.go:85.66,87.16 2 0
crud-golang/api/controller/category_controller.go:87.16,90.3 2 0
crud-golang/api/controller/category_controller.go:92.2,93.16 2 0
crud-golang/api/controller/category_controller.go:93.16,96.3 2 0
crud-golang/api/controller/category_controller.go:98.2,99.12 2 0
crud-golang/api/controller/category_controller.go:115.66,117.16 2 0
crud-golang/api/controller/category_controller.go:117.16,120.3 2 0
crud-golang/api/controller/category_controller.go:122.2,123.51 2 0
crud-golang/api/controller/category_controller.go:123.51,125.3 1 0
crud-golang/api/controller/category_controller.go:126.2,127.16 2 0
crud-golang/api/controller/category_controller.go:127.16,130.3 2 0
crud-golang/api/controller/category_controller.go:132.2,133.12 2 0
crud-golang/api/controller/category_controller.go:148.66,154.16 5 0
crud-golang/api/controller/category_controller.go:154.16,157.3 2 0
crud-golang/api/controller/category_controller.go:159.2,160.38 2 0
crud-golang/api/route/category_route.go:11.52,21.2 8 0
crud-golang/api/route/route.go:23.40,37.2 5 0
crud-golang/bootstrap/app.go:10.24,15.2 4 0
crud-golang/bootstrap/app.go:17.45,19.2 1 0
crud-golang/bootstrap/database.go:14.44,30.16 10 0
crud-golang/bootstrap/database.go:30.16,31.56 1 0
crud-golang/bootstrap/database.go:34.2,35.47 2 0
crud-golang/bootstrap/database.go:35.47,36.47 1 0
crud-golang/bootstrap/database.go:39.2,48.12 7 0
crud-golang/bootstrap/database.go:51.40,53.16 2 0
crud-golang/bootstrap/database.go:53.16,55.3 1 0
crud-golang/bootstrap/database.go:57.2,58.16 2 0
crud-golang/bootstrap/database.go:58.16,60.3 1 0
crud-golang/bootstrap/database.go:62.2,62.46 1 0
crud-golang/bootstrap/env.go:19.20,24.16 4 0
crud-golang/bootstrap/env.go:24.16,26.3 1 0
crud-golang/bootstrap/env.go:28.2,29.16 2 0
crud-golang/bootstrap/env.go:29.16,31.3 1 0
crud-golang/bootstrap/env.go:33.2,33.33 1 0
crud-golang/bootstrap/env.go:33.33,35.3 1 0
crud-golang/bootstrap/env.go:37.2,37.13 1 0
crud-golang/docs/docs.go:282.13,284.2 1 0
crud-golang/repository/base_repository.go:12.62,14.2 1 0
crud-golang/repository/base_repository.go:16.55,17.52 1 0
crud-golang/repository/base_repository.go:17.52,19.3 1 0
crud-golang/repository/base_repository.go:20.2,20.12 1 0
crud-golang/repository/base_repository.go:23.67,26.83 2 0
crud-golang/repository/base_repository.go:26.83,28.3 1 0
crud-golang/repository/base_repository.go:29.2,29.20 1 0
crud-golang/repository/base_repository.go:32.58,34.54 2 0
crud-golang/repository/base_repository.go:34.54,36.3 1 0
crud-golang/repository/base_repository.go:37.2,37.21 1 0
crud-golang/repository/base_repository.go:40.53,41.48 1 0
crud-golang/repository/base_repository.go:41.48,43.3 1 0
crud-golang/repository/base_repository.go:44.2,44.12 1 0
crud-golang/repository/base_repository.go:47.50,48.66 1 0
crud-golang/repository/base_repository.go:48.66,50.3 1 0
crud-golang/repository/base_repository.go:51.2,51.12 1 0
crud-golang/repository/category_repository.go:12.61,14.2 1 0
crud-golang/repository/category_repository.go:16.98,19.16 3 0
crud-golang/repository/category_repository.go:19.16,21.3 1 0
crud-golang/repository/category_repository.go:23.2,25.54 2 0
crud-golang/repository/category_repository.go:25.54,27.3 1 0
crud-golang/repository/category_repository.go:29.2,29.24 1 0
crud-golang/domain/mock/mock_category.go:31.81,35.2 3 0
crud-golang/domain/mock/mock_category.go:38.79,40.2 1 0
crud-golang/domain/mock/mock_category.go:43.70,48.2 4 0
crud-golang/domain/mock/mock_category.go:51.77,54.2 2 0
crud-golang/domain/mock/mock_category.go:57.57,62.2 4 0
crud-golang/domain/mock/mock_category.go:65.77,68.2 2 0
crud-golang/domain/mock/mock_category.go:71.85,77.2 5 0
crud-golang/domain/mock/mock_category.go:80.84,83.2 2 0
crud-golang/domain/mock/mock_category.go:86.102,92.2 5 0
crud-golang/domain/mock/mock_category.go:95.94,98.2 2 0
crud-golang/domain/mock/mock_category.go:101.79,107.2 5 0
crud-golang/domain/mock/mock_category.go:110.79,113.2 2 0
crud-golang/domain/mock/mock_category.go:116.70,121.2 4 0
crud-golang/domain/mock/mock_category.go:124.77,127.2 2 0
crud-golang/domain/mock/mock_category.go:141.75,145.2 3 0
crud-golang/domain/mock/mock_category.go:148.73,150.2 1 0
crud-golang/domain/mock/mock_category.go:153.67,158.2 4 0
crud-golang/domain/mock/mock_category.go:161.74,164.2 2 0
crud-golang/domain/mock/mock_category.go:167.54,172.2 4 0
crud-golang/domain/mock/mock_category.go:175.74,178.2 2 0
crud-golang/domain/mock/mock_category.go:181.94,187.2 5 0
crud-golang/domain/mock/mock_category.go:190.86,193.2 2 0
crud-golang/domain/mock/mock_category.go:196.75,202.2 5 0
crud-golang/domain/mock/mock_category.go:205.75,208.2 2 0
crud-golang/domain/mock/mock_category.go:211.77,216.2 4 0
crud-golang/domain/mock/mock_category.go:219.80,222.2 2 0
crud-golang/domain/category.go:21.50,26.2 1 0
crud-golang/cmd/main.go:14.13,27.2 7 0
crud-golang/config/config.go:15.24,22.45 6 0
crud-golang/config/config.go:22.45,23.13 1 0
crud-golang/config/config.go:26.2,27.44 2 0
crud-golang/config/config.go:27.44,28.29 1 0
crud-golang/config/config.go:31.2,31.11 1 0
crud-golang/domain/category.go:21.50,26.2 1 1
crud-golang/domain/mock/mock_category.go:31.81,35.2 3 1
crud-golang/domain/mock/mock_category.go:38.79,40.2 1 1
crud-golang/domain/mock/mock_category.go:43.70,48.2 4 1
crud-golang/domain/mock/mock_category.go:51.77,54.2 2 1
crud-golang/domain/mock/mock_category.go:57.57,62.2 4 1
crud-golang/domain/mock/mock_category.go:65.77,68.2 2 1
crud-golang/domain/mock/mock_category.go:71.85,77.2 5 0
crud-golang/domain/mock/mock_category.go:80.84,83.2 2 0
crud-golang/domain/mock/mock_category.go:86.102,92.2 5 1
crud-golang/domain/mock/mock_category.go:95.94,98.2 2 1
crud-golang/domain/mock/mock_category.go:101.79,107.2 5 1
crud-golang/domain/mock/mock_category.go:110.79,113.2 2 1
crud-golang/domain/mock/mock_category.go:116.70,121.2 4 1
crud-golang/domain/mock/mock_category.go:124.77,127.2 2 1
crud-golang/domain/mock/mock_category.go:141.75,145.2 3 0
crud-golang/domain/mock/mock_category.go:148.73,150.2 1 0
crud-golang/domain/mock/mock_category.go:153.67,158.2 4 0
crud-golang/domain/mock/mock_category.go:161.74,164.2 2 0
crud-golang/domain/mock/mock_category.go:167.54,172.2 4 0
crud-golang/domain/mock/mock_category.go:175.74,178.2 2 0
crud-golang/domain/mock/mock_category.go:181.94,187.2 5 0
crud-golang/domain/mock/mock_category.go:190.86,193.2 2 0
crud-golang/domain/mock/mock_category.go:196.75,202.2 5 0
crud-golang/domain/mock/mock_category.go:205.75,208.2 2 0
crud-golang/domain/mock/mock_category.go:211.77,216.2 4 0
crud-golang/domain/mock/mock_category.go:219.80,222.2 2 0
crud-golang/service/category_service.go:12.94,16.2 1 1
crud-golang/service/category_service.go:18.68,20.16 2 1
crud-golang/service/category_service.go:20.16,22.3 1 0
crud-golang/service/category_service.go:24.2,24.12 1 1
crud-golang/service/category_service.go:27.70,29.16 2 1
crud-golang/service/category_service.go:29.16,31.3 1 1
crud-golang/service/category_service.go:33.2,33.22 1 1
crud-golang/service/category_service.go:36.91,38.16 2 1
crud-golang/service/category_service.go:38.16,40.3 1 0
crud-golang/service/category_service.go:42.2,42.17 1 1
crud-golang/service/category_service.go:45.84,46.42 1 1
crud-golang/service/category_service.go:46.42,48.3 1 1
crud-golang/service/category_service.go:50.2,52.16 3 1
crud-golang/service/category_service.go:52.16,54.3 1 0
crud-golang/service/category_service.go:56.2,56.12 1 1
crud-golang/service/category_service.go:59.49,60.42 1 1
crud-golang/service/category_service.go:60.42,62.3 1 1
crud-golang/service/category_service.go:64.2,64.25 1 1
